Using pre-set license
Built from '2020.3/staging' branch; Version is '2020.3.13f1 (71691879b7f5) revision 7432472'; Using compiler version '192528614'; Build Type 'Release'
OS: 'Windows 10 Home; OS build 19042.1083; Version 2009; 64bit' Language: 'ja' Physical Memory: 6119 MB
BatchMode: 1, IsHumanControllingUs: 0, StartBugReporterOnCrash: 0, Is64bit: 1, IsPro: 0

 COMMAND LINE ARGUMENTS:
C:\Program Files\Unity\Hub\Editor\2020.3.13f1\Editor\Unity.exe
-adb2
-batchMode
-noUpm
-name
AssetImportWorker0
-projectPath
C:/Users/miyum/OneDrive/ドキュメント/Unity/MultiMedia
-logFile
Logs/AssetImportWorker0.log
-srvPort
58512
Successfully changed project path to: C:/Users/miyum/OneDrive/ドキュメント/Unity/MultiMedia
C:/Users/miyum/OneDrive/ドキュメント/Unity/MultiMedia
Using Asset Import Pipeline V2.
Refreshing native plugins compatible for Editor in 38.56 ms, found 2 plugins.
Preloading 0 native plugins for Editor in 0.00 ms.
Initialize engine version: 2020.3.13f1 (71691879b7f5)
[Subsystems] Discovering subsystems at path C:/Program Files/Unity/Hub/Editor/2020.3.13f1/Editor/Data/Resources/UnitySubsystems
[Subsystems] Discovering subsystems at path C:/Users/miyum/OneDrive/ドキュメント/Unity/MultiMedia/Assets
GfxDevice: creating device client; threaded=0
Direct3D:
    Version:  Direct3D 11.0 [level 11.1]
    Renderer: AMD Radeon(TM) Vega 9 Graphics (ID=0x15d8)
    Vendor:   
    VRAM:     3059 MB
    Driver:   26.20.12063.1003
Initialize mono
Mono path[0] = 'C:/Program Files/Unity/Hub/Editor/2020.3.13f1/Editor/Data/Managed'
Mono path[1] = 'C:/Program Files/Unity/Hub/Editor/2020.3.13f1/Editor/Data/MonoBleedingEdge/lib/mono/unityjit'
Mono config path = 'C:/Program Files/Unity/Hub/Editor/2020.3.13f1/Editor/Data/MonoBleedingEdge/etc'
Using monoOptions --debugger-agent=transport=dt_socket,embedding=1,server=y,suspend=n,address=127.0.0.1:56980
Begin MonoManager ReloadAssembly
Registering precompiled unity dll's ...
Register platform support module: C:/Program Files/Unity/Hub/Editor/2020.3.13f1/Editor/Data/PlaybackEngines/WebGLSupport/UnityEditor.WebGL.Extensions.dll
Register platform support module: C:/Program Files/Unity/Hub/Editor/2020.3.13f1/Editor/Data/PlaybackEngines/WindowsStandaloneSupport/UnityEditor.WindowsStandalone.Extensions.dll
Registered in 0.003351 seconds.
Native extension for WindowsStandalone target not found
Native extension for WebGL target not found
Refreshing native plugins compatible for Editor in 32.78 ms, found 2 plugins.
Preloading 0 native plugins for Editor in 0.00 ms.
Mono: successfully reloaded assembly
- Completed reload, in  1.555 seconds
Platform modules already initialized, skipping
Registering precompiled user dll's ...
Registered in 0.006236 seconds.
Begin MonoManager ReloadAssembly
Native extension for WindowsStandalone target not found
Native extension for WebGL target not found
Refreshing native plugins compatible for Editor in 0.49 ms, found 2 plugins.
Preloading 0 native plugins for Editor in 0.00 ms.
Mono: successfully reloaded assembly
- Completed reload, in  1.590 seconds
Platform modules already initialized, skipping
========================================================================
Worker process is ready to serve import requests
Launched and connected shader compiler UnityShaderCompiler.exe after 0.06 seconds
Refreshing native plugins compatible for Editor in 0.37 ms, found 2 plugins.
Preloading 0 native plugins for Editor in 0.00 ms.
Unloading 1394 Unused Serialized files (Serialized files now loaded: 0)
System memory in use before: 78.2 MB.
System memory in use after: 78.2 MB.

Unloading 19 unused Assets to reduce memory usage. Loaded Objects now: 1849.
Total: 2.781100 ms (FindLiveObjects: 0.227600 ms CreateObjectMapping: 0.049200 ms MarkObjects: 2.339300 ms  DeleteObjects: 0.163000 ms)

AssetImportParameters requested are different than current active one (requested -> active):
  custom:framework-win-MediaFoundation: 216162199b28c13a410421893ffa2e32 -> 
  custom:video-decoder-ogg-theora: a1e56fd34408186e4bbccfd4996cb3dc -> 
  custom:container-muxer-webm: aa71ff27fc2769a1b78a27578f13a17b -> 
  custom:container-demuxer-webm: 4f35f7cbe854078d1ac9338744f61a02 -> 
  custom:container-demuxer-ogg: 62fdf1f143b41e24485cea50d1cbac27 -> 
  custom:video-encoder-webm-vp8: eb34c28f22e8b96e1ab97ce403110664 -> 
  custom:video-codec-MediaFoundation-h265: 746d11721c4dcdbdad8f713fa42b33f4 -> 
  custom:video-decoder-webm-vp8: 9c59270c3fd7afecdb556c50c9e8de78 -> 
  custom:audio-decoder-ogg-vorbis: bf7c407c2cedff20999df2af8eb42d56 -> 
  custom:audio-encoder-webm-vorbis: bf7c407c2cedff20999df2af8eb42d56 -> 
========================================================================
Received Import Request.
  path: Assets/Scripts/SE.cs
  artifactKey: Guid(1a24492374c40e7468b9b1ad2a2aa139) Importer(815301076,1909f56bfc062723c751e8b465ee728b)
Start importing Assets/Scripts/SE.cs using Guid(1a24492374c40e7468b9b1ad2a2aa139) Importer(815301076,1909f56bfc062723c751e8b465ee728b)  -> (artifact id: '061bd1780a8afada9b89a26330753394') in 0.051015 seconds 
  Import took 0.056427 seconds .

========================================================================
Received Import Request.
  Time since last request: 46.334469 seconds.
  path: Assets/Scripts/SE.cs
  artifactKey: Guid(1a24492374c40e7468b9b1ad2a2aa139) Importer(815301076,1909f56bfc062723c751e8b465ee728b)
Start importing Assets/Scripts/SE.cs using Guid(1a24492374c40e7468b9b1ad2a2aa139) Importer(815301076,1909f56bfc062723c751e8b465ee728b)  -> (artifact id: '43e73141057c27ad7247246b84cfcee9') in 0.004826 seconds 
  Import took 0.008889 seconds .

========================================================================
Received Import Request.
  Time since last request: 79.514173 seconds.
  path: Assets/Scripts/SE.cs
  artifactKey: Guid(1a24492374c40e7468b9b1ad2a2aa139) Importer(815301076,1909f56bfc062723c751e8b465ee728b)
Start importing Assets/Scripts/SE.cs using Guid(1a24492374c40e7468b9b1ad2a2aa139) Importer(815301076,1909f56bfc062723c751e8b465ee728b)  -> (artifact id: '0dfc7fcdc2a3d012ab7ce48cbc6211f4') in 0.006823 seconds 
  Import took 0.011083 seconds .

========================================================================
Received Import Request.
  Time since last request: 101.223479 seconds.
  path: Assets/Scripts/SE.cs
  artifactKey: Guid(1a24492374c40e7468b9b1ad2a2aa139) Importer(815301076,1909f56bfc062723c751e8b465ee728b)
Start importing Assets/Scripts/SE.cs using Guid(1a24492374c40e7468b9b1ad2a2aa139) Importer(815301076,1909f56bfc062723c751e8b465ee728b)  -> (artifact id: '2c21aa8c4ad0111c076a31ae484c17ab') in 0.004514 seconds 
  Import took 0.008463 seconds .

========================================================================
Received Import Request.
  Time since last request: 36.986930 seconds.
  path: Assets/Scripts/SE.cs
  artifactKey: Guid(1a24492374c40e7468b9b1ad2a2aa139) Importer(815301076,1909f56bfc062723c751e8b465ee728b)
Start importing Assets/Scripts/SE.cs using Guid(1a24492374c40e7468b9b1ad2a2aa139) Importer(815301076,1909f56bfc062723c751e8b465ee728b)  -> (artifact id: '3a73fc3477178a4d41404ef8ba50dc05') in 0.006288 seconds 
  Import took 0.010055 seconds .

========================================================================
Received Import Request.
  Time since last request: 26.196725 seconds.
  path: Assets/Scripts/SE.cs
  artifactKey: Guid(1a24492374c40e7468b9b1ad2a2aa139) Importer(815301076,1909f56bfc062723c751e8b465ee728b)
Start importing Assets/Scripts/SE.cs using Guid(1a24492374c40e7468b9b1ad2a2aa139) Importer(815301076,1909f56bfc062723c751e8b465ee728b)  -> (artifact id: '5bcf5db92e1b4b1a2a5177b137c93888') in 0.005365 seconds 
  Import took 0.008515 seconds .

========================================================================
Received Import Request.
  Time since last request: 55.887876 seconds.
  path: Assets/Scripts/SE.cs
  artifactKey: Guid(1a24492374c40e7468b9b1ad2a2aa139) Importer(815301076,1909f56bfc062723c751e8b465ee728b)
Start importing Assets/Scripts/SE.cs using Guid(1a24492374c40e7468b9b1ad2a2aa139) Importer(815301076,1909f56bfc062723c751e8b465ee728b)  -> (artifact id: 'f3682760dfbe5ba3abf1472463f6e14d') in 0.012013 seconds 
  Import took 0.015468 seconds .

========================================================================
Received Import Request.
  Time since last request: 27.121153 seconds.
  path: Assets/Scripts/SE.cs
  artifactKey: Guid(1a24492374c40e7468b9b1ad2a2aa139) Importer(815301076,1909f56bfc062723c751e8b465ee728b)
Start importing Assets/Scripts/SE.cs using Guid(1a24492374c40e7468b9b1ad2a2aa139) Importer(815301076,1909f56bfc062723c751e8b465ee728b)  -> (artifact id: '3d75d89f3d1429cd4ca8b8af2404f4c5') in 0.005176 seconds 
  Import took 0.008238 seconds .

========================================================================
Received Prepare
Registering precompiled user dll's ...
Registered in 0.006856 seconds.
Begin MonoManager ReloadAssembly
Native extension for WindowsStandalone target not found
Native extension for WebGL target not found
Refreshing native plugins compatible for Editor in 0.36 ms, found 2 plugins.
Preloading 0 native plugins for Editor in 0.00 ms.
Mono: successfully reloaded assembly
- Completed reload, in  1.193 seconds
Platform modules already initialized, skipping
Refreshing native plugins compatible for Editor in 0.36 ms, found 2 plugins.
Preloading 0 native plugins for Editor in 0.00 ms.
Unloading 1389 Unused Serialized files (Serialized files now loaded: 0)
System memory in use before: 78.1 MB.
System memory in use after: 78.2 MB.

Unloading 14 unused Assets to reduce memory usage. Loaded Objects now: 1852.
Total: 3.046900 ms (FindLiveObjects: 0.213900 ms CreateObjectMapping: 0.045900 ms MarkObjects: 2.674200 ms  DeleteObjects: 0.111500 ms)

AssetImportParameters requested are different than current active one (requested -> active):
  custom:framework-win-MediaFoundation: 216162199b28c13a410421893ffa2e32 -> 
  custom:video-decoder-ogg-theora: a1e56fd34408186e4bbccfd4996cb3dc -> 
  custom:container-muxer-webm: aa71ff27fc2769a1b78a27578f13a17b -> 
  custom:container-demuxer-webm: 4f35f7cbe854078d1ac9338744f61a02 -> 
  custom:container-demuxer-ogg: 62fdf1f143b41e24485cea50d1cbac27 -> 
  custom:video-encoder-webm-vp8: eb34c28f22e8b96e1ab97ce403110664 -> 
  custom:video-codec-MediaFoundation-h265: 746d11721c4dcdbdad8f713fa42b33f4 -> 
  custom:video-decoder-webm-vp8: 9c59270c3fd7afecdb556c50c9e8de78 -> 
  custom:audio-decoder-ogg-vorbis: bf7c407c2cedff20999df2af8eb42d56 -> 
  custom:audio-encoder-webm-vorbis: bf7c407c2cedff20999df2af8eb42d56 -> 
========================================================================
Received Import Request.
  Time since last request: 67.729575 seconds.
  path: Assets/Scripts/SE.cs
  artifactKey: Guid(1a24492374c40e7468b9b1ad2a2aa139) Importer(815301076,1909f56bfc062723c751e8b465ee728b)
Start importing Assets/Scripts/SE.cs using Guid(1a24492374c40e7468b9b1ad2a2aa139) Importer(815301076,1909f56bfc062723c751e8b465ee728b)  -> (artifact id: '16a3dd34f5d7d36ea3e2f1ac113887de') in 0.015232 seconds 
  Import took 0.023434 seconds .

========================================================================
Received Prepare
Registering precompiled user dll's ...
Registered in 0.007486 seconds.
Begin MonoManager ReloadAssembly
Native extension for WindowsStandalone target not found
Native extension for WebGL target not found
Refreshing native plugins compatible for Editor in 0.37 ms, found 2 plugins.
Preloading 0 native plugins for Editor in 0.00 ms.
Mono: successfully reloaded assembly
- Completed reload, in  1.264 seconds
Platform modules already initialized, skipping
Refreshing native plugins compatible for Editor in 0.44 ms, found 2 plugins.
Preloading 0 native plugins for Editor in 0.00 ms.
Unloading 1389 Unused Serialized files (Serialized files now loaded: 0)
System memory in use before: 78.1 MB.
System memory in use after: 78.2 MB.

Unloading 14 unused Assets to reduce memory usage. Loaded Objects now: 1855.
Total: 3.063800 ms (FindLiveObjects: 0.229300 ms CreateObjectMapping: 0.053000 ms MarkObjects: 2.666800 ms  DeleteObjects: 0.112200 ms)

AssetImportParameters requested are different than current active one (requested -> active):
  custom:framework-win-MediaFoundation: 216162199b28c13a410421893ffa2e32 -> 
  custom:video-decoder-ogg-theora: a1e56fd34408186e4bbccfd4996cb3dc -> 
  custom:container-muxer-webm: aa71ff27fc2769a1b78a27578f13a17b -> 
  custom:container-demuxer-webm: 4f35f7cbe854078d1ac9338744f61a02 -> 
  custom:container-demuxer-ogg: 62fdf1f143b41e24485cea50d1cbac27 -> 
  custom:video-encoder-webm-vp8: eb34c28f22e8b96e1ab97ce403110664 -> 
  custom:video-codec-MediaFoundation-h265: 746d11721c4dcdbdad8f713fa42b33f4 -> 
  custom:video-decoder-webm-vp8: 9c59270c3fd7afecdb556c50c9e8de78 -> 
  custom:audio-decoder-ogg-vorbis: bf7c407c2cedff20999df2af8eb42d56 -> 
  custom:audio-encoder-webm-vorbis: bf7c407c2cedff20999df2af8eb42d56 -> 
========================================================================
Received Import Request.
  Time since last request: 56.200406 seconds.
  path: Assets/Scripts/SE.cs
  artifactKey: Guid(1a24492374c40e7468b9b1ad2a2aa139) Importer(815301076,1909f56bfc062723c751e8b465ee728b)
Start importing Assets/Scripts/SE.cs using Guid(1a24492374c40e7468b9b1ad2a2aa139) Importer(815301076,1909f56bfc062723c751e8b465ee728b)  -> (artifact id: 'ca9d20cd510b28819c01997766afb195') in 0.006497 seconds 
  Import took 0.009915 seconds .

========================================================================
Received Import Request.
  Time since last request: 1.900823 seconds.
  path: Assets/Scripts/SE.cs
  artifactKey: Guid(1a24492374c40e7468b9b1ad2a2aa139) Importer(815301076,1909f56bfc062723c751e8b465ee728b)
Start importing Assets/Scripts/SE.cs using Guid(1a24492374c40e7468b9b1ad2a2aa139) Importer(815301076,1909f56bfc062723c751e8b465ee728b)  -> (artifact id: 'ca9d20cd510b28819c01997766afb195') in 0.005006 seconds 
  Import took 0.008263 seconds .

========================================================================
Received Prepare
Registering precompiled user dll's ...
Registered in 0.006870 seconds.
Begin MonoManager ReloadAssembly
Native extension for WindowsStandalone target not found
Native extension for WebGL target not found
Refreshing native plugins compatible for Editor in 0.41 ms, found 2 plugins.
Preloading 0 native plugins for Editor in 0.00 ms.
Mono: successfully reloaded assembly
- Completed reload, in  1.255 seconds
Platform modules already initialized, skipping
Refreshing native plugins compatible for Editor in 0.36 ms, found 2 plugins.
Preloading 0 native plugins for Editor in 0.00 ms.
Unloading 1389 Unused Serialized files (Serialized files now loaded: 0)
System memory in use before: 78.2 MB.
System memory in use after: 78.2 MB.

Unloading 14 unused Assets to reduce memory usage. Loaded Objects now: 1858.
Total: 3.069900 ms (FindLiveObjects: 0.219600 ms CreateObjectMapping: 0.049300 ms MarkObjects: 2.682600 ms  DeleteObjects: 0.116100 ms)

AssetImportParameters requested are different than current active one (requested -> active):
  custom:framework-win-MediaFoundation: 216162199b28c13a410421893ffa2e32 -> 
  custom:video-decoder-ogg-theora: a1e56fd34408186e4bbccfd4996cb3dc -> 
  custom:container-muxer-webm: aa71ff27fc2769a1b78a27578f13a17b -> 
  custom:container-demuxer-webm: 4f35f7cbe854078d1ac9338744f61a02 -> 
  custom:container-demuxer-ogg: 62fdf1f143b41e24485cea50d1cbac27 -> 
  custom:video-encoder-webm-vp8: eb34c28f22e8b96e1ab97ce403110664 -> 
  custom:video-codec-MediaFoundation-h265: 746d11721c4dcdbdad8f713fa42b33f4 -> 
  custom:video-decoder-webm-vp8: 9c59270c3fd7afecdb556c50c9e8de78 -> 
  custom:audio-decoder-ogg-vorbis: bf7c407c2cedff20999df2af8eb42d56 -> 
  custom:audio-encoder-webm-vorbis: bf7c407c2cedff20999df2af8eb42d56 -> 
========================================================================
Received Import Request.
  Time since last request: 66.507175 seconds.
  path: Assets/Scripts/SE.cs
  artifactKey: Guid(1a24492374c40e7468b9b1ad2a2aa139) Importer(815301076,1909f56bfc062723c751e8b465ee728b)
Start importing Assets/Scripts/SE.cs using Guid(1a24492374c40e7468b9b1ad2a2aa139) Importer(815301076,1909f56bfc062723c751e8b465ee728b)  -> (artifact id: '8b300c69bcdeee6a0c9b91ebcd6f4a9c') in 0.007523 seconds 
  Import took 0.011320 seconds .

========================================================================
Received Import Request.
  Time since last request: 1.844976 seconds.
  path: Assets/Scripts/SE.cs
  artifactKey: Guid(1a24492374c40e7468b9b1ad2a2aa139) Importer(815301076,1909f56bfc062723c751e8b465ee728b)
Start importing Assets/Scripts/SE.cs using Guid(1a24492374c40e7468b9b1ad2a2aa139) Importer(815301076,1909f56bfc062723c751e8b465ee728b)  -> (artifact id: '8b300c69bcdeee6a0c9b91ebcd6f4a9c') in 0.003943 seconds 
  Import took 0.006891 seconds .

========================================================================
Received Prepare
Registering precompiled user dll's ...
Registered in 0.006026 seconds.
Begin MonoManager ReloadAssembly
Native extension for WindowsStandalone target not found
Native extension for WebGL target not found
Refreshing native plugins compatible for Editor in 0.36 ms, found 2 plugins.
Preloading 0 native plugins for Editor in 0.00 ms.
Mono: successfully reloaded assembly
- Completed reload, in  1.244 seconds
Platform modules already initialized, skipping
Refreshing native plugins compatible for Editor in 0.36 ms, found 2 plugins.
Preloading 0 native plugins for Editor in 0.00 ms.
Unloading 1389 Unused Serialized files (Serialized files now loaded: 0)
System memory in use before: 78.2 MB.
System memory in use after: 78.2 MB.

Unloading 14 unused Assets to reduce memory usage. Loaded Objects now: 1861.
Total: 2.902400 ms (FindLiveObjects: 0.215700 ms CreateObjectMapping: 0.041500 ms MarkObjects: 2.535500 ms  DeleteObjects: 0.107900 ms)

AssetImportParameters requested are different than current active one (requested -> active):
  custom:framework-win-MediaFoundation: 216162199b28c13a410421893ffa2e32 -> 
  custom:video-decoder-ogg-theora: a1e56fd34408186e4bbccfd4996cb3dc -> 
  custom:container-muxer-webm: aa71ff27fc2769a1b78a27578f13a17b -> 
  custom:container-demuxer-webm: 4f35f7cbe854078d1ac9338744f61a02 -> 
  custom:container-demuxer-ogg: 62fdf1f143b41e24485cea50d1cbac27 -> 
  custom:video-encoder-webm-vp8: eb34c28f22e8b96e1ab97ce403110664 -> 
  custom:video-codec-MediaFoundation-h265: 746d11721c4dcdbdad8f713fa42b33f4 -> 
  custom:video-decoder-webm-vp8: 9c59270c3fd7afecdb556c50c9e8de78 -> 
  custom:audio-decoder-ogg-vorbis: bf7c407c2cedff20999df2af8eb42d56 -> 
  custom:audio-encoder-webm-vorbis: bf7c407c2cedff20999df2af8eb42d56 -> 
========================================================================
Received Import Request.
  Time since last request: 33.343874 seconds.
  path: Assets/Scripts/SE.cs
  artifactKey: Guid(1a24492374c40e7468b9b1ad2a2aa139) Importer(815301076,1909f56bfc062723c751e8b465ee728b)
Start importing Assets/Scripts/SE.cs using Guid(1a24492374c40e7468b9b1ad2a2aa139) Importer(815301076,1909f56bfc062723c751e8b465ee728b)  -> (artifact id: '119341f66d034b6c77a62b57fd777226') in 0.006861 seconds 
  Import took 0.016352 seconds .

========================================================================
Received Prepare
Registering precompiled user dll's ...
Registered in 0.005919 seconds.
Begin MonoManager ReloadAssembly
Native extension for WindowsStandalone target not found
Native extension for WebGL target not found
Refreshing native plugins compatible for Editor in 0.37 ms, found 2 plugins.
Preloading 0 native plugins for Editor in 0.00 ms.
Mono: successfully reloaded assembly
- Completed reload, in  1.237 seconds
Platform modules already initialized, skipping
Refreshing native plugins compatible for Editor in 0.36 ms, found 2 plugins.
Preloading 0 native plugins for Editor in 0.00 ms.
Unloading 1389 Unused Serialized files (Serialized files now loaded: 0)
System memory in use before: 78.2 MB.
System memory in use after: 78.2 MB.

Unloading 14 unused Assets to reduce memory usage. Loaded Objects now: 1864.
Total: 3.071400 ms (FindLiveObjects: 0.213200 ms CreateObjectMapping: 0.048300 ms MarkObjects: 2.698300 ms  DeleteObjects: 0.110100 ms)

AssetImportParameters requested are different than current active one (requested -> active):
  custom:framework-win-MediaFoundation: 216162199b28c13a410421893ffa2e32 -> 
  custom:video-decoder-ogg-theora: a1e56fd34408186e4bbccfd4996cb3dc -> 
  custom:container-muxer-webm: aa71ff27fc2769a1b78a27578f13a17b -> 
  custom:container-demuxer-webm: 4f35f7cbe854078d1ac9338744f61a02 -> 
  custom:container-demuxer-ogg: 62fdf1f143b41e24485cea50d1cbac27 -> 
  custom:video-encoder-webm-vp8: eb34c28f22e8b96e1ab97ce403110664 -> 
  custom:video-codec-MediaFoundation-h265: 746d11721c4dcdbdad8f713fa42b33f4 -> 
  custom:video-decoder-webm-vp8: 9c59270c3fd7afecdb556c50c9e8de78 -> 
  custom:audio-decoder-ogg-vorbis: bf7c407c2cedff20999df2af8eb42d56 -> 
  custom:audio-encoder-webm-vorbis: bf7c407c2cedff20999df2af8eb42d56 -> 
========================================================================
Received Import Request.
  Time since last request: 45.615081 seconds.
  path: Assets/Scripts/SE.cs
  artifactKey: Guid(1a24492374c40e7468b9b1ad2a2aa139) Importer(815301076,1909f56bfc062723c751e8b465ee728b)
Start importing Assets/Scripts/SE.cs using Guid(1a24492374c40e7468b9b1ad2a2aa139) Importer(815301076,1909f56bfc062723c751e8b465ee728b)  -> (artifact id: '539efcf71756e7951c452ca8b82e3c6c') in 0.008909 seconds 
  Import took 0.012045 seconds .

========================================================================
Received Prepare
Registering precompiled user dll's ...
Registered in 0.010289 seconds.
Begin MonoManager ReloadAssembly
Native extension for WindowsStandalone target not found
Native extension for WebGL target not found
Refreshing native plugins compatible for Editor in 0.37 ms, found 2 plugins.
Preloading 0 native plugins for Editor in 0.00 ms.
Mono: successfully reloaded assembly
- Completed reload, in  1.254 seconds
Platform modules already initialized, skipping
Refreshing native plugins compatible for Editor in 0.36 ms, found 2 plugins.
Preloading 0 native plugins for Editor in 0.00 ms.
Unloading 1389 Unused Serialized files (Serialized files now loaded: 0)
System memory in use before: 78.2 MB.
System memory in use after: 78.3 MB.

Unloading 14 unused Assets to reduce memory usage. Loaded Objects now: 1867.
Total: 3.167800 ms (FindLiveObjects: 0.208300 ms CreateObjectMapping: 0.044400 ms MarkObjects: 2.798400 ms  DeleteObjects: 0.115200 ms)

AssetImportParameters requested are different than current active one (requested -> active):
  custom:framework-win-MediaFoundation: 216162199b28c13a410421893ffa2e32 -> 
  custom:video-decoder-ogg-theora: a1e56fd34408186e4bbccfd4996cb3dc -> 
  custom:container-muxer-webm: aa71ff27fc2769a1b78a27578f13a17b -> 
  custom:container-demuxer-webm: 4f35f7cbe854078d1ac9338744f61a02 -> 
  custom:container-demuxer-ogg: 62fdf1f143b41e24485cea50d1cbac27 -> 
  custom:video-encoder-webm-vp8: eb34c28f22e8b96e1ab97ce403110664 -> 
  custom:video-codec-MediaFoundation-h265: 746d11721c4dcdbdad8f713fa42b33f4 -> 
  custom:video-decoder-webm-vp8: 9c59270c3fd7afecdb556c50c9e8de78 -> 
  custom:audio-decoder-ogg-vorbis: bf7c407c2cedff20999df2af8eb42d56 -> 
  custom:audio-encoder-webm-vorbis: bf7c407c2cedff20999df2af8eb42d56 -> 
========================================================================
Received Import Request.
  Time since last request: 67.714232 seconds.
  path: Assets/Scripts/SE.cs
  artifactKey: Guid(1a24492374c40e7468b9b1ad2a2aa139) Importer(815301076,1909f56bfc062723c751e8b465ee728b)
Start importing Assets/Scripts/SE.cs using Guid(1a24492374c40e7468b9b1ad2a2aa139) Importer(815301076,1909f56bfc062723c751e8b465ee728b)  -> (artifact id: 'f523c5bd179eb3ccbf132350fcba61f1') in 0.010863 seconds 
  Import took 0.014174 seconds .

========================================================================
Received Prepare
Registering precompiled user dll's ...
Registered in 0.007647 seconds.
Begin MonoManager ReloadAssembly
Native extension for WindowsStandalone target not found
Native extension for WebGL target not found
Refreshing native plugins compatible for Editor in 0.37 ms, found 2 plugins.
Preloading 0 native plugins for Editor in 0.00 ms.
Mono: successfully reloaded assembly
- Completed reload, in  1.260 seconds
Platform modules already initialized, skipping
Refreshing native plugins compatible for Editor in 0.36 ms, found 2 plugins.
Preloading 0 native plugins for Editor in 0.00 ms.
Unloading 1389 Unused Serialized files (Serialized files now loaded: 0)
System memory in use before: 78.2 MB.
System memory in use after: 78.3 MB.

Unloading 14 unused Assets to reduce memory usage. Loaded Objects now: 1870.
Total: 3.127600 ms (FindLiveObjects: 0.208700 ms CreateObjectMapping: 0.044900 ms MarkObjects: 2.755500 ms  DeleteObjects: 0.116500 ms)

AssetImportParameters requested are different than current active one (requested -> active):
  custom:framework-win-MediaFoundation: 216162199b28c13a410421893ffa2e32 -> 
  custom:video-decoder-ogg-theora: a1e56fd34408186e4bbccfd4996cb3dc -> 
  custom:container-muxer-webm: aa71ff27fc2769a1b78a27578f13a17b -> 
  custom:container-demuxer-webm: 4f35f7cbe854078d1ac9338744f61a02 -> 
  custom:container-demuxer-ogg: 62fdf1f143b41e24485cea50d1cbac27 -> 
  custom:video-encoder-webm-vp8: eb34c28f22e8b96e1ab97ce403110664 -> 
  custom:video-codec-MediaFoundation-h265: 746d11721c4dcdbdad8f713fa42b33f4 -> 
  custom:video-decoder-webm-vp8: 9c59270c3fd7afecdb556c50c9e8de78 -> 
  custom:audio-decoder-ogg-vorbis: bf7c407c2cedff20999df2af8eb42d56 -> 
  custom:audio-encoder-webm-vorbis: bf7c407c2cedff20999df2af8eb42d56 -> 
========================================================================
Received Import Request.
  Time since last request: 79.844576 seconds.
  path: Assets/Scripts/SE.cs
  artifactKey: Guid(1a24492374c40e7468b9b1ad2a2aa139) Importer(815301076,1909f56bfc062723c751e8b465ee728b)
Start importing Assets/Scripts/SE.cs using Guid(1a24492374c40e7468b9b1ad2a2aa139) Importer(815301076,1909f56bfc062723c751e8b465ee728b)  -> (artifact id: 'c727fdbf6d124d3a4ae7b318acbb0703') in 0.009861 seconds 
  Import took 0.013243 seconds .

========================================================================
Received Prepare
Registering precompiled user dll's ...
Registered in 0.005643 seconds.
Begin MonoManager ReloadAssembly
Native extension for WindowsStandalone target not found
Native extension for WebGL target not found
Refreshing native plugins compatible for Editor in 0.46 ms, found 2 plugins.
Preloading 0 native plugins for Editor in 0.00 ms.
Mono: successfully reloaded assembly
- Completed reload, in  1.260 seconds
Platform modules already initialized, skipping
Refreshing native plugins compatible for Editor in 0.40 ms, found 2 plugins.
Preloading 0 native plugins for Editor in 0.00 ms.
Unloading 1389 Unused Serialized files (Serialized files now loaded: 0)
System memory in use before: 78.2 MB.
System memory in use after: 78.3 MB.

Unloading 14 unused Assets to reduce memory usage. Loaded Objects now: 1873.
Total: 3.024300 ms (FindLiveObjects: 0.220000 ms CreateObjectMapping: 0.052700 ms MarkObjects: 2.633400 ms  DeleteObjects: 0.116100 ms)

AssetImportParameters requested are different than current active one (requested -> active):
  custom:framework-win-MediaFoundation: 216162199b28c13a410421893ffa2e32 -> 
  custom:video-decoder-ogg-theora: a1e56fd34408186e4bbccfd4996cb3dc -> 
  custom:container-muxer-webm: aa71ff27fc2769a1b78a27578f13a17b -> 
  custom:container-demuxer-webm: 4f35f7cbe854078d1ac9338744f61a02 -> 
  custom:container-demuxer-ogg: 62fdf1f143b41e24485cea50d1cbac27 -> 
  custom:video-encoder-webm-vp8: eb34c28f22e8b96e1ab97ce403110664 -> 
  custom:video-codec-MediaFoundation-h265: 746d11721c4dcdbdad8f713fa42b33f4 -> 
  custom:video-decoder-webm-vp8: 9c59270c3fd7afecdb556c50c9e8de78 -> 
  custom:audio-decoder-ogg-vorbis: bf7c407c2cedff20999df2af8eb42d56 -> 
  custom:audio-encoder-webm-vorbis: bf7c407c2cedff20999df2af8eb42d56 -> 
========================================================================
Received Import Request.
  Time since last request: 100.138122 seconds.
  path: Assets/Scripts/SE.cs
  artifactKey: Guid(1a24492374c40e7468b9b1ad2a2aa139) Importer(815301076,1909f56bfc062723c751e8b465ee728b)
Start importing Assets/Scripts/SE.cs using Guid(1a24492374c40e7468b9b1ad2a2aa139) Importer(815301076,1909f56bfc062723c751e8b465ee728b)  -> (artifact id: '54f4f83e39ee5bba037d3588dc638c9d') in 0.006296 seconds 
  Import took 0.009703 seconds .

========================================================================
Received Prepare
Registering precompiled user dll's ...
Registered in 0.007177 seconds.
Begin MonoManager ReloadAssembly
Native extension for WindowsStandalone target not found
Native extension for WebGL target not found
Refreshing native plugins compatible for Editor in 0.38 ms, found 2 plugins.
Preloading 0 native plugins for Editor in 0.00 ms.
Mono: successfully reloaded assembly
- Completed reload, in  1.218 seconds
Platform modules already initialized, skipping
Refreshing native plugins compatible for Editor in 0.37 ms, found 2 plugins.
Preloading 0 native plugins for Editor in 0.00 ms.
Unloading 1389 Unused Serialized files (Serialized files now loaded: 0)
System memory in use before: 78.2 MB.
System memory in use after: 78.3 MB.

Unloading 14 unused Assets to reduce memory usage. Loaded Objects now: 1876.
Total: 3.351800 ms (FindLiveObjects: 0.292900 ms CreateObjectMapping: 0.088600 ms MarkObjects: 2.855800 ms  DeleteObjects: 0.112100 ms)

AssetImportParameters requested are different than current active one (requested -> active):
  custom:framework-win-MediaFoundation: 216162199b28c13a410421893ffa2e32 -> 
  custom:video-decoder-ogg-theora: a1e56fd34408186e4bbccfd4996cb3dc -> 
  custom:container-muxer-webm: aa71ff27fc2769a1b78a27578f13a17b -> 
  custom:container-demuxer-webm: 4f35f7cbe854078d1ac9338744f61a02 -> 
  custom:container-demuxer-ogg: 62fdf1f143b41e24485cea50d1cbac27 -> 
  custom:video-encoder-webm-vp8: eb34c28f22e8b96e1ab97ce403110664 -> 
  custom:video-codec-MediaFoundation-h265: 746d11721c4dcdbdad8f713fa42b33f4 -> 
  custom:video-decoder-webm-vp8: 9c59270c3fd7afecdb556c50c9e8de78 -> 
  custom:audio-decoder-ogg-vorbis: bf7c407c2cedff20999df2af8eb42d56 -> 
  custom:audio-encoder-webm-vorbis: bf7c407c2cedff20999df2af8eb42d56 -> 
========================================================================
Received Import Request.
  Time since last request: 61.574135 seconds.
  path: Assets/Scripts/SE.cs
  artifactKey: Guid(1a24492374c40e7468b9b1ad2a2aa139) Importer(815301076,1909f56bfc062723c751e8b465ee728b)
Start importing Assets/Scripts/SE.cs using Guid(1a24492374c40e7468b9b1ad2a2aa139) Importer(815301076,1909f56bfc062723c751e8b465ee728b)  -> (artifact id: '81126f65ad50dc0acade9ff4de1e3dae') in 0.007037 seconds 
  Import took 0.014999 seconds .

========================================================================
Received Prepare
Registering precompiled user dll's ...
Registered in 0.005724 seconds.
Begin MonoManager ReloadAssembly
Native extension for WindowsStandalone target not found
Native extension for WebGL target not found
Refreshing native plugins compatible for Editor in 0.37 ms, found 2 plugins.
Preloading 0 native plugins for Editor in 0.00 ms.
Mono: successfully reloaded assembly
- Completed reload, in  1.239 seconds
Platform modules already initialized, skipping
Refreshing native plugins compatible for Editor in 0.36 ms, found 2 plugins.
Preloading 0 native plugins for Editor in 0.00 ms.
Unloading 1389 Unused Serialized files (Serialized files now loaded: 0)
System memory in use before: 78.2 MB.
System memory in use after: 78.3 MB.

Unloading 14 unused Assets to reduce memory usage. Loaded Objects now: 1879.
Total: 3.109900 ms (FindLiveObjects: 0.220800 ms CreateObjectMapping: 0.048900 ms MarkObjects: 2.722100 ms  DeleteObjects: 0.116400 ms)

AssetImportParameters requested are different than current active one (requested -> active):
  custom:framework-win-MediaFoundation: 216162199b28c13a410421893ffa2e32 -> 
  custom:video-decoder-ogg-theora: a1e56fd34408186e4bbccfd4996cb3dc -> 
  custom:container-muxer-webm: aa71ff27fc2769a1b78a27578f13a17b -> 
  custom:container-demuxer-webm: 4f35f7cbe854078d1ac9338744f61a02 -> 
  custom:container-demuxer-ogg: 62fdf1f143b41e24485cea50d1cbac27 -> 
  custom:video-encoder-webm-vp8: eb34c28f22e8b96e1ab97ce403110664 -> 
  custom:video-codec-MediaFoundation-h265: 746d11721c4dcdbdad8f713fa42b33f4 -> 
  custom:video-decoder-webm-vp8: 9c59270c3fd7afecdb556c50c9e8de78 -> 
  custom:audio-decoder-ogg-vorbis: bf7c407c2cedff20999df2af8eb42d56 -> 
  custom:audio-encoder-webm-vorbis: bf7c407c2cedff20999df2af8eb42d56 -> 
========================================================================
Received Prepare
Registering precompiled user dll's ...
Registered in 0.005668 seconds.
Begin MonoManager ReloadAssembly
Native extension for WindowsStandalone target not found
Native extension for WebGL target not found
Refreshing native plugins compatible for Editor in 0.73 ms, found 2 plugins.
Preloading 0 native plugins for Editor in 0.00 ms.
Mono: successfully reloaded assembly
- Completed reload, in  1.321 seconds
Platform modules already initialized, skipping
Refreshing native plugins compatible for Editor in 0.38 ms, found 2 plugins.
Preloading 0 native plugins for Editor in 0.00 ms.
Unloading 1389 Unused Serialized files (Serialized files now loaded: 0)
System memory in use before: 78.2 MB.
System memory in use after: 78.3 MB.

Unloading 14 unused Assets to reduce memory usage. Loaded Objects now: 1882.
Total: 3.016400 ms (FindLiveObjects: 0.220200 ms CreateObjectMapping: 0.049000 ms MarkObjects: 2.632500 ms  DeleteObjects: 0.112800 ms)

AssetImportParameters requested are different than current active one (requested -> active):
  custom:framework-win-MediaFoundation: 216162199b28c13a410421893ffa2e32 -> 
  custom:video-decoder-ogg-theora: a1e56fd34408186e4bbccfd4996cb3dc -> 
  custom:container-muxer-webm: aa71ff27fc2769a1b78a27578f13a17b -> 
  custom:container-demuxer-webm: 4f35f7cbe854078d1ac9338744f61a02 -> 
  custom:container-demuxer-ogg: 62fdf1f143b41e24485cea50d1cbac27 -> 
  custom:video-encoder-webm-vp8: eb34c28f22e8b96e1ab97ce403110664 -> 
  custom:video-codec-MediaFoundation-h265: 746d11721c4dcdbdad8f713fa42b33f4 -> 
  custom:video-decoder-webm-vp8: 9c59270c3fd7afecdb556c50c9e8de78 -> 
  custom:audio-decoder-ogg-vorbis: bf7c407c2cedff20999df2af8eb42d56 -> 
  custom:audio-encoder-webm-vorbis: bf7c407c2cedff20999df2af8eb42d56 -> 
